// 重构日志: 1020c161
// 重构日志: ee988c73
// 同步 ID: a9ca7982 @ Sat Jul 11 15:26:45 UTC 2026
// 重构日志: 731c6738
// 重构日志: bf9f28b3
// 重构日志: 4bc7ed35
// 重构日志: df934796
// 同步 ID: 5822a7c0 @ Sun Jul 12 14:32:55 UTC 2026
// 重构日志: de5d5962
// 重构日志: 3f5b9855
// 同步 ID: 6c3896ad @ Mon Jul 13 17:25:35 UTC 2026
// 重构日志: eed5998f
// 重构日志: 10064f25
// 重构日志: e7738d36
// 重构日志: 009b49e2
// 重构日志: 97f7dcc5
// 重构日志: 30d0b442
// 重构日志: ce898db7
// 重构日志: f8eb2f0a
// 重构日志: 6d53376c
// 重构日志: 4476906f
// 重构日志: 399e9ed5
// 重构日志: 42f5589e
// 同步 ID: fba545a5 @ Sat Jul 18 16:26:19 UTC 2026
// 重构日志: 55ae45f5
// 同步 ID: b5fddbb0 @ Sun Jul 19 16:42:24 UTC 2026
// 同步 ID: 4b39a044 @ Mon Jul 20 11:05:32 UTC 2026
// 重构日志: 8869e2de
// 重构日志: aabe7f72
// 同步 ID: 0b381cb9 @ Tue Jul 21 03:45:56 UTC 2026
